Determining if the pthread_create exist failed with the following output:
Change Dir: /home/madhav/ROS_WORKSPACES/ros_ws/build/Chatterbot/CMakeFiles/CMakeTmp

Run Build Command:"/usr/bin/make" "cmTC_2d324/fast"
/usr/bin/make -f CMakeFiles/cmTC_2d324.dir/build.make CMakeFiles/cmTC_2d324.dir/build
make[1]: Entering directory '/home/madhav/ROS_WORKSPACES/ros_ws/build/Chatterbot/CMakeFiles/CMakeTmp'
Building C object CMakeFiles/cmTC_2d324.dir/CheckSymbolExists.c.o
/usr/bin/cc    -o CMakeFiles/cmTC_2d324.dir/CheckSymbolExists.c.o   -c /home/madhav/ROS_WORKSPACES/ros_ws/build/Chatterbot/CMakeFiles/CMakeTmp/CheckSymbolExists.c
Linking C executable cmTC_2d324
/usr/bin/cmake -E cmake_link_script CMakeFiles/cmTC_2d324.dir/link.txt --verbose=1
/usr/bin/cc      -rdynamic CMakeFiles/cmTC_2d324.dir/CheckSymbolExists.c.o  -o cmTC_2d324 
CMakeFiles/cmTC_2d324.dir/CheckSymbolExists.c.o: In function `main':
CheckSymbolExists.c:(.text+0x1b): undefined reference to `pthread_create'
collect2: error: ld returned 1 exit status
CMakeFiles/cmTC_2d324.dir/build.make:97: recipe for target 'cmTC_2d324' failed
make[1]: *** [cmTC_2d324] Error 1
make[1]: Leaving directory '/home/madhav/ROS_WORKSPACES/ros_ws/build/Chatterbot/CMakeFiles/CMakeTmp'
Makefile:126: recipe for target 'cmTC_2d324/fast' failed
make: *** [cmTC_2d324/fast] Error 2

File /home/madhav/ROS_WORKSPACES/ros_ws/build/Chatterbot/CMakeFiles/CMakeTmp/CheckSymbolExists.c:
/* */
#include <pthread.h>

int main(int argc, char** argv)
{
  (void)argv;
#ifndef pthread_create
  return ((int*)(&pthread_create))[argc];
#else
  (void)argc;
  return 0;
#endif
}

Determining if the function pthread_create exists in the pthreads failed with the following output:
Change Dir: /home/madhav/ROS_WORKSPACES/ros_ws/build/Chatterbot/CMakeFiles/CMakeTmp

Run Build Command:"/usr/bin/make" "cmTC_9fcbc/fast"
/usr/bin/make -f CMakeFiles/cmTC_9fcbc.dir/build.make CMakeFiles/cmTC_9fcbc.dir/build
make[1]: Entering directory '/home/madhav/ROS_WORKSPACES/ros_ws/build/Chatterbot/CMakeFiles/CMakeTmp'
Building C object CMakeFiles/cmTC_9fcbc.dir/CheckFunctionExists.c.o
/usr/bin/cc   -DCHECK_FUNCTION_EXISTS=pthread_create   -o CMakeFiles/cmTC_9fcbc.dir/CheckFunctionExists.c.o   -c /usr/share/cmake-3.10/Modules/CheckFunctionExists.c
Linking C executable cmTC_9fcbc
/usr/bin/cmake -E cmake_link_script CMakeFiles/cmTC_9fcbc.dir/link.txt --verbose=1
/usr/bin/cc  -DCHECK_FUNCTION_EXISTS=pthread_create    -rdynamic CMakeFiles/cmTC_9fcbc.dir/CheckFunctionExists.c.o  -o cmTC_9fcbc -lpthreads 
/usr/bin/ld: cannot find -lpthreads
collect2: error: ld returned 1 exit status
CMakeFiles/cmTC_9fcbc.dir/build.make:97: recipe for target 'cmTC_9fcbc' failed
make[1]: *** [cmTC_9fcbc] Error 1
make[1]: Leaving directory '/home/madhav/ROS_WORKSPACES/ros_ws/build/Chatterbot/CMakeFiles/CMakeTmp'
Makefile:126: recipe for target 'cmTC_9fcbc/fast' failed
make: *** [cmTC_9fcbc/fast] Error 2


